Start testing: Jun 02 16:51 CDT
----------------------------------------------------------
1/3 Testing: validate-desktop-file
1/3 Test: validate-desktop-file
Command: "/usr/bin/desktop-file-validate" "/home/kedarbrooks/Documents/Projects/AppStore/data/io.elementary.appcenter.desktop"
Directory: /home/kedarbrooks/Documents/Projects/AppStore
"validate-desktop-file" start time: Jun 02 16:51 CDT
Output:
----------------------------------------------------------
/home/kedarbrooks/Documents/Projects/AppStore/data/io.elementary.appcenter.desktop: hint: value item "PackageManager" in key "Categories" in group "Desktop Entry" can be extended with another category among the following categories: Settings
<end of output>
Test time =   0.01 sec
----------------------------------------------------------
Test Passed.
"validate-desktop-file" end time: Jun 02 16:51 CDT
"validate-desktop-file" time elapsed: 00:00:00
----------------------------------------------------------

2/3 Testing: validate-daemon-desktop-file
2/3 Test: validate-daemon-desktop-file
Command: "/usr/bin/desktop-file-validate" "/home/kedarbrooks/Documents/Projects/AppStore/data/io.elementary.appcenter-daemon.desktop"
Directory: /home/kedarbrooks/Documents/Projects/AppStore
"validate-daemon-desktop-file" start time: Jun 02 16:51 CDT
Output:
----------------------------------------------------------
<end of output>
Test time =   0.01 sec
----------------------------------------------------------
Test Passed.
"validate-daemon-desktop-file" end time: Jun 02 16:51 CDT
"validate-daemon-desktop-file" time elapsed: 00:00:00
----------------------------------------------------------

3/3 Testing: validate-appdata
3/3 Test: validate-appdata
Command: "/usr/bin/appstreamcli" "validate" "/home/kedarbrooks/Documents/Projects/AppStore/data/appcenter.appdata.xml"
Directory: /home/kedarbrooks/Documents/Projects/AppStore
"validate-appdata" start time: Jun 02 16:51 CDT
Output:
----------------------------------------------------------
I - appcenter.appdata.xml:io.elementary.appcenter.desktop:55
    The component summary should not end with a "." [Hwehwɛ dwumadie a wopɛ.]

Validation was successful: infos: 1
<end of output>
Test time =   0.04 sec
----------------------------------------------------------
Test Passed.
"validate-appdata" end time: Jun 02 16:51 CDT
"validate-appdata" time elapsed: 00:00:00
----------------------------------------------------------

End testing: Jun 02 16:51 CDT
